# JRE version: OpenJDK Runtime Environment (11.0.7+9) (build 11.0.7+9)
# Java VM: OpenJDK 64-Bit Server VM (11.0.7+9, mixed mode, tiered, compressed oops, g1 gc, linux-amd64)
Heap:
 garbage-first heap   total 129024K, used 63715K [0x0000000083800000, 0x0000000100000000)
  region size 1024K, 60 young (61440K), 6 survivors (6144K)
 Metaspace       used 31240K, capacity 32000K, committed 32252K, reserved 1077248K
  class space    used 3683K, capacity 3963K, committed 4092K, reserved 1048576K
GC Heap History (8 events):
Event: 0,674 GC heap before
{Heap before GC invocations=0 (full 0):
 garbage-first heap   total 129024K, used 14336K [0x0000000083800000, 0x0000000100000000)
  region size 1024K, 14 young (14336K), 0 survivors (0K)
 Metaspace       used 9573K, capacity 9698K, committed 9984K, reserved 1058816K
  class space    used 887K, capacity 934K, committed 1024K, reserved 1048576K
}
Event: 0,683 GC heap after
{Heap after GC invocations=1 (full 0):
 garbage-first heap   total 129024K, used 5622K [0x0000000083800000, 0x0000000100000000)
  region size 1024K, 2 young (2048K), 2 survivors (2048K)
 Metaspace       used 9573K, capacity 9698K, committed 9984K, reserved 1058816K
  class space    used 887K, capacity 934K, committed 1024K, reserved 1048576K
}
Event: 0,967 GC heap before
{Heap before GC invocations=1 (full 0):
 garbage-first heap   total 129024K, used 49654K [0x0000000083800000, 0x0000000100000000)
  region size 1024K, 46 young (47104K), 2 survivors (2048K)
 Metaspace       used 11273K, capacity 11467K, committed 11648K, reserved 1060864K
  class space    used 1088K, capacity 1143K, committed 1152K, reserved 1048576K
}
Event: 0,985 GC heap after
{Heap after GC invocations=2 (full 0):
 garbage-first heap   total 129024K, used 5869K [0x0000000083800000, 0x0000000100000000)
  region size 1024K, 3 young (3072K), 3 survivors (3072K)
 Metaspace       used 11273K, capacity 11467K, committed 11648K, reserved 1060864K
  class space    used 1088K, capacity 1143K, committed 1152K, reserved 1048576K
}
Event: 2,376 GC heap before
{Heap before GC invocations=2 (full 0):
 garbage-first heap   total 129024K, used 52973K [0x0000000083800000, 0x0000000100000000)
  region size 1024K, 50 young (51200K), 3 survivors (3072K)
 Metaspace       used 20671K, capacity 21115K, committed 21248K, reserved 1069056K
  class space    used 2371K, capacity 2540K, committed 2560K, reserved 1048576K
}
Event: 2,399 GC heap after
{Heap after GC invocations=3 (full 0):
 garbage-first heap   total 129024K, used 8043K [0x0000000083800000, 0x0000000100000000)
  region size 1024K, 5 young (5120K), 5 survivors (5120K)
 Metaspace       used 20671K, capacity 21115K, committed 21248K, reserved 1069056K
  class space    used 2371K, capacity 2540K, committed 2560K, reserved 1048576K
}
Event: 3,117 GC heap before
{Heap before GC invocations=4 (full 0):
 garbage-first heap   total 129024K, used 74603K [0x0000000083800000, 0x0000000100000000)
  region size 1024K, 71 young (72704K), 5 survivors (5120K)
 Metaspace       used 26253K, capacity 26830K, committed 27132K, reserved 1073152K
  class space    used 3057K, capacity 3277K, committed 3324K, reserved 1048576K
}
Event: 3,134 GC heap after
{Heap after GC invocations=5 (full 0):
 garbage-first heap   total 129024K, used 9443K [0x0000000083800000, 0x0000000100000000)
  region size 1024K, 6 young (6144K), 6 survivors (6144K)
 Metaspace       used 26253K, capacity 26830K, committed 27132K, reserved 1073152K
  class space    used 3057K, capacity 3277K, committed 3324K, reserved 1048576K
}

